com.sncf.custom.openid.bundle:nuxeo-openid2-package:1.3-SNAPSHOT:zip::
 |-- org.nuxeo.ecm.distribution:nuxeo-nxr-server:10.10:zip::provided
 |--  |-- org.jboss.el:jboss-el:1.0_02.CR6:jar::compile
 |--  |-- org.nuxeo.common:nuxeo-common:10.10:jar::compile
 |--  |--  |-- xerces:xercesImpl:2.12.0:jar::compile
 |--  |--  |--  |-- xml-apis:xml-apis:1.4.01:jar::compile
 |--  |--  |-- xml-apis:xml-apis:1.4.01:jar::compile
 |--  |--  |-- commons-io:commons-io:2.6:jar::compile
 |--  |--  |-- org.apache.commons:commons-lang3:3.8:jar::compile
 |--  |--  |-- commons-collections:commons-collections:3.2.2:jar::compile
 |--  |--  |-- commons-codec:commons-codec:1.11:jar::compile
 |--  |--  |-- org.freemarker:freemarker:2.3.28:jar::compile
 |--  |--  |-- commons-logging:commons-logging:1.2:jar::compile
 |--  |--  |-- org.apache.logging.log4j:log4j-api:2.11.1:jar::compile
 |--  |-- org.nuxeo.runtime:nuxeo-runtime:10.10:jar::compile
 |--  |--  |-- javax.transaction:jta:1.1:jar::compile
 |--  |--  |-- io.dropwizard.metrics:metrics-core:4.0.3:jar::compile
 |--  |--  |--  |-- org.slf4j:slf4j-api:1.7.25:jar::compile
 |--  |--  |-- org.osgi:org.osgi.core:4.2.0:jar::compile
 |--  |--  |-- com.fasterxml.jackson.core:jackson-databind:2.9.8:jar::compile
 |--  |--  |--  |-- com.fasterxml.jackson.core:jackson-core:2.9.8:jar::compile
 |--  |--  |-- com.fasterxml.jackson.dataformat:jackson-dataformat-properties:2.9.8:jar::compile
 |--  |--  |--  |-- com.fasterxml.jackson.core:jackson-databind:2.9.8:jar::compile (scope managed from provided)
 |--  |--  |--  |-- com.fasterxml.jackson.core:jackson-core:2.9.8:jar::compile
 |--  |--  |-- org.nuxeo.common:nuxeo-common:10.10:jar::compile
 |--  |--  |-- org.apache.commons:commons-lang3:3.8:jar::compile
 |--  |--  |-- commons-io:commons-io:2.6:jar::compile
 |--  |--  |-- xerces:xercesImpl:2.12.0:jar::compile
 |--  |--  |-- commons-logging:commons-logging:1.2:jar::compile
 |--  |--  |-- org.apache.logging.log4j:log4j-api:2.11.1:jar::compile
 |--  |-- org.nuxeo.runtime:nuxeo-runtime-osgi:10.10:jar::compile
 |--  |--  |-- org.nuxeo.common:nuxeo-common:10.10:jar::compile
 |--  |--  |-- org.nuxeo.runtime:nuxeo-runtime:10.10:jar::compile
 |--  |--  |-- org.osgi:org.osgi.core:4.2.0:jar::compile
 |--  |--  |-- commons-logging:commons-logging:1.2:jar::compile
 |--  |--  |-- org.apache.logging.log4j:log4j-api:2.11.1:jar::compile
 |--  |-- org.nuxeo.runtime:nuxeo-runtime-deploy:10.10:jar::compile
 |--  |--  |-- org.nuxeo.runtime:nuxeo-launcher-commons:10.10:jar::compile
 |--  |--  |--  |-- net.jodah:failsafe:1.1.0:jar::compile
 |--  |--  |--  |-- commons-io:commons-io:2.6:jar::compile
 |--  |--  |--  |-- org.apache.commons:commons-lang3:3.8:jar::compile
 |--  |--  |--  |-- org.nuxeo.common:nuxeo-common:10.10:jar::compile
 |--  |--  |--  |-- org.freemarker:freemarker:2.3.28:jar::compile
 |--  |--  |--  |-- org.apache.logging.log4j:log4j-core:2.11.1:jar::test (scope managed from provided)
 |--  |--  |--  |-- commons-logging:commons-logging:1.2:jar::compile
 |--  |--  |--  |-- org.apache.logging.log4j:log4j-api:2.11.1:jar::compile
 |--  |--  |-- org.nuxeo.common:nuxeo-common:10.10:jar::compile
 |--  |--  |-- org.nuxeo.runtime:nuxeo-runtime-osgi:10.10:jar::compile
 |--  |--  |-- com.fasterxml.jackson.core:jackson-databind:2.9.8:jar::compile
 |--  |--  |-- org.apache.commons:commons-lang3:3.8:jar::compile
 |--  |--  |-- commons-io:commons-io:2.6:jar::compile
 |--  |--  |-- org.osgi:org.osgi.core:4.2.0:jar::compile
 |--  |--  |-- commons-logging:commons-logging:1.2:jar::compile
 |--  |--  |-- org.apache.logging.log4j:log4j-api:2.11.1:jar::compile
 |--  |-- org.nuxeo.runtime:nuxeo-runtime-metrics:10.10:jar::compile
 |--  |--  |-- org.nuxeo.runtime:nuxeo-runtime-management:10.10:jar::compile
 |--  |--  |--  |-- org.javasimon:javasimon-jmx:2.5.0:jar::compile
 |--  |--  |--  |--  |-- org.javasimon:javasimon-jdbc3:2.5.0:jar::compile
 |--  |--  |--  |-- org.nuxeo.common:nuxeo-common:10.10:jar::compile
 |--  |--  |--  |-- org.nuxeo.runtime:nuxeo-runtime:10.10:jar::compile
 |--  |--  |--  |-- org.apache.commons:commons-lang3:3.8:jar::compile
 |--  |--  |--  |-- xpp3:xpp3:1.1.4c:jar:clean:compile
 |--  |--  |--  |-- org.osgi:org.osgi.core:4.2.0:jar::compile
 |--  |--  |--  |-- commons-logging:commons-logging:1.2:jar::compile
 |--  |--  |--  |-- org.apache.logging.log4j:log4j-api:2.11.1:jar::compile
 |--  |--  |-- io.dropwizard.metrics:metrics-graphite:4.0.3:jar::compile
 |--  |--  |--  |-- com.rabbitmq:amqp-client:4.4.1:jar::compile
 |--  |--  |--  |-- io.dropwizard.metrics:metrics-core:4.0.3:jar::compile
 |--  |--  |--  |-- org.slf4j:slf4j-api:1.7.25:jar::compile
 |--  |--  |-- io.dropwizard.metrics:metrics-log4j2:4.0.3:jar::compile
 |--  |--  |--  |-- io.dropwizard.metrics:metrics-core:4.0.3:jar::compile
 |--  |--  |--  |-- org.slf4j:slf4j-api:1.7.25:jar::compile
 |--  |--  |-- io.dropwizard.metrics:metrics-jvm:4.0.3:jar::compile
 |--  |--  |--  |-- io.dropwizard.metrics:metrics-core:4.0.3:jar::compile
 |--  |--  |--  |-- org.slf4j:slf4j-api:1.7.25:jar::compile
 |--  |--  |-- io.dropwizard.metrics:metrics-jmx:4.0.3:jar::compile
 |--  |--  |--  |-- io.dropwizard.metrics:metrics-core:4.0.3:jar::compile
 |--  |--  |--  |-- org.slf4j:slf4j-api:1.7.25:jar::compile
 |--  |--  |-- com.readytalk:metrics3-statsd:4.2.0:jar::compile
 |--  |--  |-- com.readytalk:metrics-statsd-common:4.2.0:jar::compile
 |--  |--  |-- org.nuxeo.common:nuxeo-common:10.10:jar::compile
 |--  |--  |-- org.nuxeo.runtime:nuxeo-runtime:10.10:jar::compile
 |--  |--  |-- io.dropwizard.metrics:metrics-core:4.0.3:jar::compile
 |--  |--  |-- org.apache.logging.log4j:log4j-core:2.11.1:jar::test (scope managed from provided)
 |--  |--  |-- commons-logging:commons-logging:1.2:jar::compile
 |--  |--  |-- org.apache.logging.log4j:log4j-api:2.11.1:jar::compile
 |--  |-- org.nuxeo.ecm.core:nuxeo-core-schema:10.10:jar::compile
 |--  |--  |-- com.sun.xsom:xsom:20140925:jar::compile
 |--  |--  |--  |-- relaxngDatatype:relaxngDatatype:20020414:jar::compile
 |--  |--  |-- org.nuxeo.runtime:nuxeo-runtime-reload:10.10:jar::compile
 |--  |--  |--  |-- org.nuxeo.lib.runtime:nuxeo-runtime-launcher:10.10:jar::compile
 |--  |--  |--  |--  |-- commons-logging:commons-logging:1.2:jar::compile
 |--  |--  |--  |--  |-- org.apache.logging.log4j:log4j-api:2.11.1:jar::compile
 |--  |--  |--  |-- org.nuxeo.common:nuxeo-common:10.10:jar::compile
 |--  |--  |--  |-- org.nuxeo.runtime:nuxeo-runtime:10.10:jar::compile
 |--  |--  |--  |-- org.nuxeo.runtime:nuxeo-runtime-jtajca:10.10:jar::compile
 |--  |--  |--  |-- org.nuxeo.runtime:nuxeo-runtime-deploy:10.10:jar::compile
 |--  |--  |--  |-- org.osgi:org.osgi.core:4.2.0:jar::compile
 |--  |--  |--  |-- commons-logging:commons-logging:1.2:jar::compile
 |--  |--  |--  |-- org.apache.logging.log4j:log4j-api:2.11.1:jar::compile
 |--  |--  |-- org.apache.commons:commons-lang3:3.8:jar::compile
 |--  |--  |-- org.nuxeo.common:nuxeo-common:10.10:jar::compile
 |--  |--  |-- org.nuxeo.runtime:nuxeo-runtime:10.10:jar::compile
 |--  |--  |-- commons-logging:commons-logging:1.2:jar::compile
 |--  |--  |-- org.apache.logging.log4j:log4j-api:2.11.1:jar::compile
 |--  |-- org.nuxeo.ecm.core:nuxeo-core-api:10.10:jar::compile
 |--  |--  |-- com.google.guava:guava:26.0-jre:jar::compile
 |--  |--  |--  |-- com.google.code.findbugs:jsr305:3.0.2:jar::compile
 |--  |--  |--  |-- org.checkerframework:checker-qual:2.5.2:jar::compile
 |--  |--  |--  |-- com.google.errorprone:error_prone_annotations:2.1.3:jar::compile
 |--  |--  |--  |-- com.google.j2objc:j2objc-annotations:1.1:jar::compile
 |--  |--  |--  |-- org.codehaus.mojo:animal-sniffer-annotations:1.14:jar::compile
 |--  |--  |-- org.apache.commons:commons-text:1.4:jar::compile
 |--  |--  |-- org.nuxeo.runtime:nuxeo-runtime-jtajca:10.10:jar::compile
 |--  |--  |--  |-- org.apache.geronimo.components:geronimo-connector:2.2.1-NX1:jar::compile
 |--  |--  |--  |-- org.tranql:tranql-connector:1.8:jar::compile
 |--  |--  |--  |-- org.apache.geronimo.components:geronimo-transaction:2.2.1:jar::compile
 |--  |--  |--  |--  |-- org.objectweb.howl:howl:1.0.1-1:jar::compile
 |--  |--  |--  |-- org.apache.xbean:xbean-naming:3.18:jar::compile
 |--  |--  |--  |-- org.nuxeo.common:nuxeo-common:10.10:jar::compile
 |--  |--  |--  |-- org.nuxeo.runtime:nuxeo-runtime:10.10:jar::compile
 |--  |--  |--  |-- org.nuxeo.runtime:nuxeo-runtime-metrics:10.10:jar::compile
 |--  |--  |--  |-- javax.resource:connector-api:1.5:jar::compile
 |--  |--  |--  |-- javax.transaction:jta:1.1:jar::compile
 |--  |--  |--  |-- io.dropwizard.metrics:metrics-core:4.0.3:jar::compile
 |--  |--  |--  |-- commons-logging:commons-logging:1.2:jar::compile
 |--  |--  |--  |-- org.apache.logging.log4j:log4j-api:2.11.1:jar::compile
 |--  |--  |-- org.nuxeo.runtime:nuxeo-runtime-kv:10.10:jar::compile
 |--  |--  |--  |-- net.jodah:expiringmap:0.5.8:jar::compile
 |--  |--  |--  |-- org.nuxeo.common:nuxeo-common:10.10:jar::compile
 |--  |--  |--  |-- org.nuxeo.runtime:nuxeo-runtime:10.10:jar::compile
 |--  |--  |--  |-- commons-logging:commons-logging:1.2:jar::compile
 |--  |--  |--  |-- org.apache.logging.log4j:log4j-api:2.11.1:jar::compile
 |--  |--  |-- javax.validation:validation-api:1.0.0.GA:jar::compile
 |--  |--  |-- com.fasterxml.jackson.core:jackson-core:2.9.8:jar::compile
 |--  |--  |-- com.fasterxml.jackson.core:jackson-annotations:2.9.8:jar::compile
 |--  |--  |-- commons-codec:commons-codec:1.11:jar::compile
 |--  |--  |-- commons-io:commons-io:2.6:jar::compile
 |--  |--  |-- org.apache.commons:commons-lang3:3.8:jar::compile
 |--  |--  |-- org.nuxeo.common:nuxeo-common:10.10:jar::compile
 |--  |--  |-- org.nuxeo.ecm.core:nuxeo-core-schema:10.10:jar::compile
 |--  |--  |-- org.nuxeo.runtime:nuxeo-runtime:10.10:jar::compile
 |--  |--  |-- com.fasterxml.jackson.core:jackson-databind:2.9.8:jar::compile
 |--  |--  |-- commons-logging:commons-logging:1.2:jar::compile
 |--  |--  |-- org.apache.logging.log4j:log4j-api:2.11.1:jar::compile
 |--  |-- org.nuxeo.ecm.core:nuxeo-core-management:10.10:jar::compile
 |--  |--  |-- org.nuxeo.ecm.core:nuxeo-core:10.10:jar::compile
 |--  |--  |--  |-- org.nuxeo.common:nuxeo-common:10.10:jar::compile
 |--  |--  |--  |-- org.nuxeo.runtime:nuxeo-runtime:10.10:jar::compile
 |--  |--  |--  |-- org.nuxeo.runtime:nuxeo-runtime-jtajca:10.10:jar::compile
 |--  |--  |--  |-- org.nuxeo.ecm.core:nuxeo-core-api:10.10:jar::compile
 |--  |--  |--  |-- org.nuxeo.ecm.core:nuxeo-core-query:10.10:jar::compile
 |--  |--  |--  |-- org.nuxeo.ecm.core:nuxeo-core-schema:10.10:jar::compile
 |--  |--  |--  |-- org.nuxeo.ecm.core:nuxeo-core-event:10.10:jar::compile
 |--  |--  |--  |-- org.nuxeo.ecm.core:nuxeo-core-el:10.10:jar::compile
 |--  |--  |--  |-- org.nuxeo.ecm.core:nuxeo-core-bulk:10.10:jar::compile
 |--  |--  |--  |-- org.osgi:org.osgi.core:4.2.0:jar::compile
 |--  |--  |--  |-- javax.transaction:jta:1.1:jar::compile
 |--  |--  |--  |-- xerces:xercesImpl:2.12.0:jar::compile
 |--  |--  |--  |-- org.apache.commons:commons-lang3:3.8:jar::compile
 |--  |--  |--  |-- org.nuxeo.runtime:nuxeo-runtime-metrics:10.10:jar::compile
 |--  |--  |--  |-- io.dropwizard.metrics:metrics-core:4.0.3:jar::compile
 |--  |--  |--  |-- commons-logging:commons-logging:1.2:jar::compile
 |--  |--  |--  |-- org.apache.logging.log4j:log4j-api:2.11.1:jar::compile
 |--  |--  |-- org.nuxeo.ecm.core:nuxeo-core-event:10.10:jar::compile
 |--  |--  |--  |-- org.quartz-scheduler:quartz:2.3.0:jar::compile
 |--  |--  |--  |--  |-- com.mchange:c3p0:0.9.5.2:jar::compile
 |--  |--  |--  |--  |--  |-- com.mchange:mchange-commons-java:0.2.11:jar::compile
 |--  |--  |--  |--  |-- com.mchange:mchange-commons-java:0.2.11:jar::compile
 |--  |--  |--  |--  |-- com.zaxxer:HikariCP-java6:2.3.13:jar::compile
 |--  |--  |--  |-- org.nuxeo.ecm.core:nuxeo-core-api:10.10:jar::compile
 |--  |--  |--  |-- org.nuxeo.ecm.core:nuxeo-core-schema:10.10:jar::compile
 |--  |--  |--  |-- org.nuxeo.runtime:nuxeo-runtime:10.10:jar::compile
 |--  |--  |--  |-- org.nuxeo.runtime:nuxeo-runtime-jtajca:10.10:jar::compile
 |--  |--  |--  |-- org.nuxeo.common:nuxeo-common:10.10:jar::compile
 |--  |--  |--  |-- org.nuxeo.runtime:nuxeo-runtime-reload:10.10:jar::compile
 |--  |--  |--  |-- org.nuxeo.runtime:nuxeo-runtime-management:10.10:jar::compile
 |--  |--  |--  |-- org.osgi:org.osgi.core:4.2.0:jar::compile
 |--  |--  |--  |-- javax.transaction:jta:1.1:jar::compile
 |--  |--  |--  |-- org.apache.commons:commons-lang3:3.8:jar::compile
 |--  |--  |--  |-- io.dropwizard.metrics:metrics-core:4.0.3:jar::compile
 |--  |--  |--  |-- org.nuxeo.runtime:nuxeo-runtime-metrics:10.10:jar::compile
 |--  |--  |--  |-- commons-collections:commons-collections:3.2.2:jar::compile
 |--  |--  |--  |-- org.nuxeo.lib.stream:nuxeo-stream:10.10:jar::compile
 |--  |--  |--  |-- org.nuxeo.runtime:nuxeo-runtime-stream:10.10:jar::compile
 |--  |--  |--  |-- commons-logging:commons-logging:1.2:jar::compile
 |--  |--  |--  |-- org.apache.logging.log4j:log4j-api:2.11.1:jar::compile
 |--  |--  |-- javax.resource:connector-api:1.5:jar::compile
 |--  |--  |-- org.nuxeo.common:nuxeo-common:10.10:jar::compile
 |--  |--  |-- org.nuxeo.runtime:nuxeo-runtime:10.10:jar::compile
 |--  |--  |-- org.nuxeo.runtime:nuxeo-runtime-jtajca:10.10:jar::compile
 |--  |--  |-- org.nuxeo.runtime:nuxeo-runtime-management:10.10:jar::compile
 |--  |--  |-- org.nuxeo.ecm.core:nuxeo-core-api:10.10:jar::compile
 |--  |--  |-- org.apache.commons:commons-lang3:3.8:jar::compile
 |--  |--  |-- io.dropwizard.metrics:metrics-core:4.0.3:jar::compile
 |--  |--  |-- org.nuxeo.runtime:nuxeo-runtime-metrics:10.10:jar::compile
 |--  |--  |-- commons-logging:commons-logging:1.2:jar::compile
 |--  |--  |-- org.apache.logging.log4j:log4j-api:2.11.1:jar::compile
 |--  |-- org.nuxeo.ecm.core:nuxeo-core-mimetype:10.10:jar::compile
 |--  |--  |-- jmimemagic:jmimemagic:0.1.2:jar::compile
 |--  |--  |--  |-- oro:oro:2.0.8:jar::compile
 |--  |--  |-- org.apache.poi:poi:3.17:jar::compile
 |--  |--  |--  |-- commons-logging:commons-logging:1.2:jar::compile (scope managed from runtime)
 |--  |--  |--  |-- org.apache.commons:commons-collections4:4.1:jar::compile
 |--  |--  |-- org.apache.poi:poi-scratchpad:3.17:jar::compile
 |--  |--  |--  |-- org.apache.poi:poi:3.17:jar::compile
 |--  |--  |-- org.nuxeo.ecm.core:nuxeo-core-api:10.10:jar::compile
 |--  |--  |-- org.nuxeo.runtime:nuxeo-runtime:10.10:jar::compile
 |--  |--  |-- commons-io:commons-io:2.6:jar::compile
 |--  |--  |-- commons-logging:commons-logging:1.2:jar::compile
 |--  |--  |-- org.apache.logging.log4j:log4j-api:2.11.1:jar::compile
 |--  |-- org.nuxeo.ecm.core:nuxeo-core-storage:10.10:jar::compile
 |--  |--  |-- net.htmlparser.jericho:jericho-html:3.4:jar::compile
 |--  |--  |-- org.nuxeo.common:nuxeo-common:10.10:jar::compile
 |--  |--  |-- org.nuxeo.runtime:nuxeo-runtime:10.10:jar::compile
 |--  |--  |-- org.nuxeo.runtime:nuxeo-runtime-reload:10.10:jar::compile
 |--  |--  |-- org.nuxeo.ecm.core:nuxeo-core-schema:10.10:jar::compile
 |--  |--  |-- org.nuxeo.ecm.core:nuxeo-core-api:10.10:jar::compile
 |--  |--  |-- org.nuxeo.ecm.core:nuxeo-core-query:10.10:jar::compile
 |--  |--  |-- org.nuxeo.ecm.core:nuxeo-core:10.10:jar::compile
 |--  |--  |-- org.nuxeo.ecm.core:nuxeo-core-event:10.10:jar::compile
 |--  |--  |-- org.nuxeo.ecm.core:nuxeo-core-convert-api:10.10:jar::compile
 |--  |--  |-- org.nuxeo.ecm.core:nuxeo-core-io:10.10:jar::compile
 |--  |--  |-- commons-collections:commons-collections:3.2.2:jar::compile
 |--  |--  |-- commons-io:commons-io:2.6:jar::compile
 |--  |--  |-- org.apache.commons:commons-lang3:3.8:jar::compile
 |--  |--  |-- org.apache.commons:commons-text:1.4:jar::compile
 |--  |--  |-- com.google.guava:guava:26.0-jre:jar::compile
 |--  |--  |-- javax.resource:connector-api:1.5:jar::compile
 |--  |--  |-- org.nuxeo.runtime:nuxeo-runtime-metrics:10.10:jar::compile
 |--  |--  |-- commons-logging:commons-logging:1.2:jar::compile
 |--  |--  |-- org.apache.logging.log4j:log4j-api:2.11.1:jar::compile
 |--  |-- org.nuxeo.ecm.core:nuxeo-core-query:10.10:jar::compile
 |--  |--  |-- cup:java-cup:0.11a:jar::compile
 |--  |--  |-- org.nuxeo.ecm.core:nuxeo-core-api:10.10:jar::compile
 |--  |--  |-- org.nuxeo.common:nuxeo-common:10.10:jar::compile
 |--  |--  |-- org.apache.commons:commons-lang3:3.8:jar::compile
 |--  |--  |-- commons-logging:commons-logging:1.2:jar::compile
 |--  |--  |-- org.apache.logging.log4j:log4j-api:2.11.1:jar::compile
 |--  |-- org.nuxeo.ecm.core:nuxeo-core-io:10.10:jar::compile
 |--  |--  |-- org.nuxeo.runtime:nuxeo-runtime-stream:10.10:jar::compile
 |--  |--  |--  |-- org.nuxeo.lib.stream:nuxeo-stream:10.10:jar::compile
 |--  |--  |--  |-- org.nuxeo.runtime:nuxeo-runtime:10.10:jar::compile
 |--  |--  |--  |-- org.nuxeo.common:nuxeo-common:10.10:jar::compile
 |--  |--  |--  |-- org.apache.avro:avro:1.8.2:jar::compile
 |--  |--  |--  |-- commons-logging:commons-logging:1.2:jar::compile
 |--  |--  |--  |-- org.apache.logging.log4j:log4j-api:2.11.1:jar::compile
 |--  |--  |-- org.dom4j:dom4j:2.1.1:jar::compile
 |--  |--  |--  |-- jaxen:jaxen:1.1.6:jar::compile (scope managed from runtime)
 |--  |--  |-- jaxen:jaxen:1.1.6:jar::compile
 |--  |--  |-- org.apache.commons:commons-csv:1.5:jar::compile
 |--  |--  |-- com.sun.jersey:jersey-core:1.19.4:jar::compile
 |--  |--  |--  |-- javax.ws.rs:jsr311-api:1.1.1:jar::compile
 |--  |--  |--  |-- org.osgi:org.osgi.core:4.2.0:jar::compile (scope managed from provided)
 |--  |--  |-- com.sun.jersey:jersey-client:1.19.4:jar::compile
 |--  |--  |--  |-- com.sun.jersey:jersey-core:1.19.4:jar::compile
 |--  |--  |-- org.apache.avro:avro:1.8.2:jar::compile
 |--  |--  |--  |-- org.codehaus.jackson:jackson-core-asl:1.8.1:jar::compile (version managed from 1.9.13)
 |--  |--  |--  |-- org.codehaus.jackson:jackson-mapper-asl:1.8.1:jar::compile (version managed from 1.9.13)
 |--  |--  |--  |--  |-- org.codehaus.jackson:jackson-core-asl:1.8.1:jar::compile
 |--  |--  |--  |-- com.thoughtworks.paranamer:paranamer:2.7:jar::compile
 |--  |--  |--  |-- org.xerial.snappy:snappy-java:1.1.1.3:jar::compile
 |--  |--  |--  |-- org.apache.commons:commons-compress:1.18:jar::compile (version managed from 1.8.1)
 |--  |--  |--  |--  |-- org.tukaani:xz:1.8:jar::compile
 |--  |--  |--  |-- org.tukaani:xz:1.8:jar::compile (version managed from 1.5)
 |--  |--  |-- org.nuxeo.common:nuxeo-common:10.10:jar::compile
 |--  |--  |-- org.nuxeo.runtime:nuxeo-runtime:10.10:jar::compile
 |--  |--  |-- org.nuxeo.runtime:nuxeo-runtime-jtajca:10.10:jar::compile
 |--  |--  |-- org.nuxeo.ecm.core:nuxeo-core-api:10.10:jar::compile
 |--  |--  |-- org.nuxeo.ecm.core:nuxeo-core-schema:10.10:jar::compile
 |--  |--  |-- org.nuxeo.ecm.core:nuxeo-core-event:10.10:jar::compile
 |--  |--  |-- org.nuxeo.ecm.core:nuxeo-core-query:10.10:jar::compile
 |--  |--  |-- commons-io:commons-io:2.6:jar::compile
 |--  |--  |-- org.apache.commons:commons-lang3:3.8:jar::compile
 |--  |--  |-- com.fasterxml.jackson.core:jackson-core:2.9.8:jar::compile
 |--  |--  |-- com.fasterxml.jackson.core:jackson-databind:2.9.8:jar::compile
 |--  |--  |-- commons-logging:commons-logging:1.2:jar::compile
 |--  |--  |-- org.apache.logging.log4j:log4j-api:2.11.1:jar::compile
 |--  |-- org.nuxeo.ecm.core:nuxeo-core-persistence:10.10:jar::compile
 |--  |--  |-- javax.persistence:persistence-api:1.0.2:jar::compile
 |--  |--  |-- org.hibernate:hibernate-entitymanager:3.4.0.GA:jar::compile
 |--  |--  |--  |-- org.hibernate:hibernate-commons-annotations:3.1.0.GA:jar::compile
 |--  |--  |--  |-- org.hibernate:hibernate-annotations:3.4.0.GA:jar::compile
 |--  |--  |--  |-- javax.transaction:jta:1.1:jar::compile
 |--  |--  |-- org.javassist:javassist:3.21.0-GA:jar::compile
 |--  |--  |-- org.hibernate:hibernate-core:3.3.2.GA:jar::compile
 |--  |--  |--  |-- antlr:antlr:2.7.7:jar::compile (version managed from 2.7.6)
 |--  |--  |--  |-- javax.transaction:jta:1.1:jar::compile
 |--  |--  |-- org.nuxeo.common:nuxeo-common:10.10:jar::compile
 |--  |--  |-- org.nuxeo.runtime:nuxeo-runtime:10.10:jar::compile
 |--  |--  |-- org.nuxeo.runtime:nuxeo-runtime-jtajca:10.10:jar::compile
 |--  |--  |-- org.nuxeo.runtime:nuxeo-runtime-management:10.10:jar::compile
 |--  |--  |-- org.nuxeo.ecm.core:nuxeo-core-api:10.10:jar::compile
 |--  |--  |-- org.nuxeo.ecm.core:nuxeo-core-event:10.10:jar::compile
 |--  |--  |-- org.dom4j:dom4j:2.1.1:jar::compile
 |--  |--  |-- javax.transaction:jta:1.1:jar::compile
 |--  |--  |-- commons-logging:commons-logging:1.2:jar::compile
 |--  |--  |-- org.apache.logging.log4j:log4j-api:2.11.1:jar::compile
 |--  |-- org.nuxeo.ecm.core:nuxeo-core-convert-api:10.10:jar::compile
 |--  |--  |-- org.nuxeo.ecm.core:nuxeo-core-api:10.10:jar::compile
 |--  |--  |-- commons-logging:commons-logging:1.2:jar::compile
 |--  |--  |-- org.apache.logging.log4j:log4j-api:2.11.1:jar::compile
 |--  |-- org.nuxeo.ecm.core:nuxeo-core-convert:10.10:jar::compile
 |--  |--  |-- commons-codec:commons-codec:1.11:jar::compile
 |--  |--  |-- commons-io:commons-io:2.6:jar::compile
 |--  |--  |-- org.apache.commons:commons-lang3:3.8:jar::compile
 |--  |--  |-- org.nuxeo.common:nuxeo-common:10.10:jar::compile
 |--  |--  |-- org.nuxeo.ecm.core:nuxeo-core-api:10.10:jar::compile
 |--  |--  |-- org.nuxeo.ecm.core:nuxeo-core-io:10.10:jar::compile
 |--  |--  |-- org.nuxeo.ecm.core:nuxeo-core-convert-api:10.10:jar::compile
 |--  |--  |-- org.nuxeo.ecm.core:nuxeo-core-event:10.10:jar::compile
 |--  |--  |-- org.nuxeo.ecm.core:nuxeo-core-mimetype:10.10:jar::compile
 |--  |--  |-- org.nuxeo.runtime:nuxeo-runtime:10.10:jar::compile
 |--  |--  |-- com.sun.jersey:jersey-core:1.19.4:jar::compile
 |--  |--  |-- commons-logging:commons-logging:1.2:jar::compile
 |--  |--  |-- org.apache.logging.log4j:log4j-api:2.11.1:jar::compile
 |--  |-- org.nuxeo.ecm.core:nuxeo-core-convert-plugins:10.10:jar::compile
 |--  |--  |-- javax.mail:mail:1.4.5:jar::compile
 |--  |--  |-- org.apache.pdfbox:pdfbox:1.8.16:jar::compile
 |--  |--  |--  |-- org.apache.pdfbox:fontbox:1.8.16:jar::compile
 |--  |--  |--  |-- org.apache.pdfbox:jempbox:1.8.16:jar::compile
 |--  |--  |-- org.apache.poi:poi-ooxml:3.17:jar::compile
 |--  |--  |--  |-- org.apache.poi:poi-ooxml-schemas:3.17:jar::compile
 |--  |--  |--  |-- com.github.virtuald:curvesapi:1.04:jar::compile
 |--  |--  |--  |-- org.apache.poi:poi:3.17:jar::compile
 |--  |--  |-- org.apache.xmlbeans:xmlbeans:3.0.1:jar::compile
 |--  |--  |-- commons-io:commons-io:2.6:jar::compile
 |--  |--  |-- org.apache.commons:commons-lang3:3.8:jar::compile
 |--  |--  |-- net.htmlparser.jericho:jericho-html:3.4:jar::compile
 |--  |--  |-- org.apache.poi:poi:3.17:jar::compile
 |--  |--  |-- org.apache.poi:poi-scratchpad:3.17:jar::compile
 |--  |--  |-- org.nuxeo.common:nuxeo-common:10.10:jar::compile
 |--  |--  |-- org.nuxeo.ecm.core:nuxeo-core-api:10.10:jar::compile
 |--  |--  |-- org.nuxeo.ecm.core:nuxeo-core-convert:10.10:jar::compile
 |--  |--  |-- org.nuxeo.ecm.core:nuxeo-core-convert-api:10.10:jar::compile
 |--  |--  |-- org.nuxeo.ecm.platform:nuxeo-platform-commandline-executor:10.10:jar::compile
 |--  |--  |-- org.nuxeo.runtime:nuxeo-runtime:10.10:jar::compile
 |--  |--  |-- commons-logging:commons-logging:1.2:jar::compile
 |--  |--  |-- org.apache.logging.log4j:log4j-api:2.11.1:jar::compile
 |--  |-- org.nuxeo.ecm.core:nuxeo-core-bulk:10.10:jar::compile
 |--  |--  |-- org.nuxeo.lib.stream:nuxeo-stream:10.10:jar::compile
 |--  |--  |--  |-- net.openhft:chronicle-queue:5.17.2:jar::compile
 |--  |--  |--  |--  |-- net.openhft:chronicle-threads:2.17.1:jar::compile
 |--  |--  |--  |--  |--  |-- net.openhft:affinity:3.1.11:jar::compile (version managed from 3.1.10)
 |--  |--  |--  |--  |--  |--  |-- net.java.dev.jna:jna:4.5.2:jar::compile (version managed from 4.2.1)
 |--  |--  |--  |--  |--  |--  |-- net.java.dev.jna:jna-platform:4.5.2:jar::compile (version managed from 4.2.1)
 |--  |--  |--  |--  |--  |--  |--  |-- net.java.dev.jna:jna:4.5.2:jar::compile
 |--  |--  |--  |--  |--  |--  |-- org.slf4j:slf4j-api:1.7.25:jar::compile
 |--  |--  |--  |--  |--  |--  |-- com.intellij:annotations:12.0:jar::compile
 |--  |--  |--  |--  |--  |-- org.slf4j:slf4j-api:1.7.25:jar::compile
 |--  |--  |--  |--  |--  |-- com.intellij:annotations:12.0:jar::compile
 |--  |--  |--  |--  |-- net.openhft:chronicle-core:2.17.2:jar::compile
 |--  |--  |--  |--  |-- net.openhft:chronicle-bytes:2.17.8:jar::compile
 |--  |--  |--  |--  |-- net.openhft:chronicle-wire:2.17.7:jar::compile
 |--  |--  |--  |--  |-- net.openhft:affinity:3.1.11:jar::compile
 |--  |--  |--  |--  |-- commons-cli:commons-cli:1.4:jar::compile
 |--  |--  |--  |--  |-- org.slf4j:slf4j-api:1.7.25:jar::compile
 |--  |--  |--  |-- net.openhft:chronicle-core:2.17.2:jar::compile
 |--  |--  |--  |--  |-- com.intellij:annotations:12.0:jar::compile
 |--  |--  |--  |--  |-- org.slf4j:slf4j-api:1.7.25:jar::compile
 |--  |--  |--  |-- net.openhft:chronicle-wire:2.17.7:jar::compile
 |--  |--  |--  |--  |-- net.openhft:chronicle-threads:2.17.1:jar::compile
 |--  |--  |--  |--  |-- com.intellij:annotations:12.0:jar::compile
 |--  |--  |--  |-- net.openhft:chronicle-bytes:2.17.8:jar::compile
 |--  |--  |--  |--  |-- net.openhft:chronicle-core:2.17.2:jar::compile
 |--  |--  |--  |--  |-- org.slf4j:slf4j-api:1.7.25:jar::compile
 |--  |--  |--  |--  |-- com.intellij:annotations:12.0:jar::compile
 |--  |--  |--  |-- org.jgrapht:jgrapht-core:1.0.1:jar::compile
 |--  |--  |--  |-- org.apache.kafka:kafka-clients:2.1.0:jar::compile
 |--  |--  |--  |--  |-- com.github.luben:zstd-jni:1.3.5-4:jar::compile
 |--  |--  |--  |--  |-- org.lz4:lz4-java:1.5.0:jar::compile
 |--  |--  |--  |--  |-- org.slf4j:slf4j-api:1.7.25:jar::compile
 |--  |--  |--  |-- commons-cli:commons-cli:1.4:jar::compile
 |--  |--  |--  |-- io.confluent:kafka-avro-serializer:5.0.0:jar::compile
 |--  |--  |--  |-- io.confluent:kafka-schema-registry-client:5.0.0:jar::compile
 |--  |--  |--  |-- commons-io:commons-io:2.6:jar::compile
 |--  |--  |--  |-- com.fasterxml.jackson.core:jackson-databind:2.9.8:jar::compile
 |--  |--  |--  |-- org.apache.avro:avro:1.8.2:jar::compile
 |--  |--  |--  |-- net.jodah:failsafe:1.1.0:jar::compile
 |--  |--  |--  |-- io.dropwizard.metrics:metrics-graphite:4.0.3:jar::compile (scope managed from provided)
 |--  |--  |--  |-- commons-logging:commons-logging:1.2:jar::compile
 |--  |--  |--  |-- org.apache.logging.log4j:log4j-api:2.11.1:jar::compile
 |--  |--  |-- com.google.code.externalsortinginjava:externalsortinginjava:0.2.5:jar::compile
 |--  |--  |-- org.apache.commons:commons-collections4:4.1:jar::compile
 |--  |--  |-- org.nuxeo.common:nuxeo-common:10.10:jar::compile
 |--  |--  |-- org.nuxeo.runtime:nuxeo-runtime:10.10:jar::compile
 |--  |--  |-- org.nuxeo.runtime:nuxeo-runtime-stream:10.10:jar::compile
 |--  |--  |-- org.nuxeo.runtime:nuxeo-runtime-kv:10.10:jar::compile
 |--  |--  |-- org.nuxeo.ecm.core:nuxeo-core-api:10.10:jar::compile
 |--  |--  |-- org.nuxeo.ecm.core:nuxeo-core-io:10.10:jar::compile
 |--  |--  |-- org.nuxeo.ecm.core:nuxeo-core-query:10.10:jar::compile
 |--  |--  |-- com.google.guava:guava:26.0-jre:jar::compile
 |--  |--  |-- org.apache.avro:avro:1.8.2:jar::compile
 |--  |--  |-- com.fasterxml.jackson.core:jackson-core:2.9.8:jar::compile
 |--  |--  |-- com.fasterxml.jackson.core:jackson-databind:2.9.8:jar::compile
 |--  |--  |-- org.apache.commons:commons-lang3:3.8:jar::compile
 |--  |--  |-- javax.validation:validation-api:1.0.0.GA:jar::compile
 |--  |--  |-- commons-logging:commons-logging:1.2:jar::compile
 |--  |--  |-- org.apache.logging.log4j:log4j-api:2.11.1:jar::compile
 |--  |-- org.nuxeo.ecm.platform:nuxeo-platform-convert:10.10:jar::compile
 |--  |--  |-- commons-fileupload:commons-fileupload:1.3.3:jar::compile
 |--  |--  |-- com.cforcoding.jmd:jmd:0.8.1-tomasol-3e60e36137:jar::compile
 |--  |--  |-- com.ibm.icu:icu4j:62.1:jar::compile
 |--  |--  |-- xpp3:xpp3:1.1.4c:jar:clean:compile
 |--  |--  |-- commons-io:commons-io:2.6:jar::compile
 |--  |--  |-- org.nuxeo.ecm.core:nuxeo-core-api:10.10:jar::compile
 |--  |--  |-- org.nuxeo.ecm.core:nuxeo-core-convert-api:10.10:jar::compile
 |--  |--  |-- org.nuxeo.ecm.core:nuxeo-core-convert:10.10:jar::compile
 |--  |--  |-- org.nuxeo.ecm.core:nuxeo-core-convert-plugins:10.10:jar::compile
 |--  |--  |-- org.nuxeo.ecm.core:nuxeo-core-mimetype:10.10:jar::compile
 |--  |--  |-- org.nuxeo.ecm.platform:nuxeo-platform-commandline-executor:10.10:jar::compile
 |--  |--  |-- org.nuxeo.runtime:nuxeo-runtime:10.10:jar::compile
 |--  |--  |-- org.apache.commons:commons-lang3:3.8:jar::compile
 |--  |--  |-- org.nuxeo.common:nuxeo-common:10.10:jar::compile
 |--  |--  |-- commons-logging:commons-logging:1.2:jar::compile
 |--  |--  |-- org.apache.logging.log4j:log4j-api:2.11.1:jar::compile
 |--  |-- org.nuxeo.ecm.platform:nuxeo-platform-types-api:10.10:jar::compile
 |--  |--  |-- org.nuxeo.ecm.core:nuxeo-core-api:10.10:jar::compile
 |--  |--  |-- org.nuxeo.ecm.platform:nuxeo-platform-forms-layout-api:10.10:jar::compile
 |--  |--  |-- org.nuxeo.common:nuxeo-common:10.10:jar::compile
 |--  |--  |-- org.nuxeo.runtime:nuxeo-runtime:10.10:jar::compile
 |--  |--  |-- commons-logging:commons-logging:1.2:jar::compile
 |--  |--  |-- org.apache.logging.log4j:log4j-api:2.11.1:jar::compile
 |--  |-- org.nuxeo.ecm.platform:nuxeo-platform-audit-api:10.10:jar::compile
 |--  |--  |-- org.nuxeo.ecm.platform:nuxeo-platform-query-api:10.10:jar::compile
 |--  |--  |--  |-- org.nuxeo.ecm.core:nuxeo-core:10.10:jar::compile
 |--  |--  |--  |-- org.nuxeo.ecm.core:nuxeo-core-io:10.10:jar::compile
 |--  |--  |--  |-- org.nuxeo.ecm.core:nuxeo-core-api:10.10:jar::compile
 |--  |--  |--  |-- org.nuxeo.ecm.core:nuxeo-core-query:10.10:jar::compile
 |--  |--  |--  |-- org.nuxeo.ecm.core:nuxeo-core-schema:10.10:jar::compile
 |--  |--  |--  |-- org.nuxeo.ecm.platform:nuxeo-platform-search-api:10.10:jar::compile
 |--  |--  |--  |-- org.apache.commons:commons-lang3:3.8:jar::compile
 |--  |--  |--  |-- org.nuxeo.common:nuxeo-common:10.10:jar::compile
 |--  |--  |--  |-- org.nuxeo.runtime:nuxeo-runtime:10.10:jar::compile
 |--  |--  |--  |-- commons-logging:commons-logging:1.2:jar::compile
 |--  |--  |--  |-- org.apache.logging.log4j:log4j-api:2.11.1:jar::compile
 |--  |--  |-- org.nuxeo.ecm.core:nuxeo-core-api:10.10:jar::compile
 |--  |--  |-- org.nuxeo.ecm.core:nuxeo-core-io:10.10:jar::compile
 |--  |--  |-- org.nuxeo.ecm.core:nuxeo-core-event:10.10:jar::compile
 |--  |--  |-- org.apache.commons:commons-lang3:3.8:jar::compile
 |--  |--  |-- org.nuxeo.common:nuxeo-common:10.10:jar::compile
 |--  |--  |-- org.nuxeo.runtime:nuxeo-runtime:10.10:jar::compile
 |--  |--  |-- commons-logging:commons-logging:1.2:jar::compile
 |--  |--  |-- org.apache.logging.log4j:log4j-api:2.11.1:jar::compile
 |--  |-- org.nuxeo.ecm.platform:nuxeo-platform-audit-core:10.10:jar::compile
 |--  |--  |-- org.nuxeo.ecm.core:nuxeo-core-el:10.10:jar::compile
 |--  |--  |--  |-- org.nuxeo.ecm.core:nuxeo-core-api:10.10:jar::compile
 |--  |--  |--  |-- org.jboss.el:jboss-el:1.0_02.CR6:jar::compile
 |--  |--  |--  |-- commons-logging:commons-logging:1.2:jar::compile
 |--  |--  |--  |-- org.apache.logging.log4j:log4j-api:2.11.1:jar::compile
 |--  |--  |-- org.hibernate:hibernate-annotations:3.4.0.GA:jar::compile
 |--  |--  |--  |-- org.hibernate:hibernate-commons-annotations:3.1.0.GA:jar::compile
 |--  |--  |-- org.nuxeo.runtime:nuxeo-runtime-management:10.10:jar::compile
 |--  |--  |-- org.nuxeo.lib.stream:nuxeo-stream:10.10:jar::compile
 |--  |--  |-- org.nuxeo.runtime:nuxeo-runtime-stream:10.10:jar::compile
 |--  |--  |-- org.nuxeo.ecm.core:nuxeo-core-api:10.10:jar::compile
 |--  |--  |-- org.nuxeo.ecm.core:nuxeo-core-io:10.10:jar::compile
 |--  |--  |-- org.nuxeo.ecm.core:nuxeo-core-persistence:10.10:jar::compile
 |--  |--  |-- org.nuxeo.ecm.core:nuxeo-core-event:10.10:jar::compile
 |--  |--  |-- org.nuxeo.ecm.platform:nuxeo-platform-audit-api:10.10:jar::compile
 |--  |--  |-- org.apache.commons:commons-lang3:3.8:jar::compile
 |--  |--  |-- javax.persistence:persistence-api:1.0.2:jar::compile
 |--  |--  |-- org.jboss.el:jboss-el:1.0_02.CR6:jar::compile
 |--  |--  |-- org.nuxeo.ecm.platform:nuxeo-platform-query-api:10.10:jar::compile
 |--  |--  |-- org.nuxeo.ecm.platform:nuxeo-platform-directory-api:10.10:jar::compile
 |--  |--  |-- org.nuxeo.ecm.platform:nuxeo-platform-usermanager-core:10.10:jar::compile
 |--  |--  |-- org.nuxeo.common:nuxeo-common:10.10:jar::compile
 |--  |--  |-- com.fasterxml.jackson.core:jackson-databind:2.9.8:jar::compile
 |--  |--  |-- org.nuxeo.runtime:nuxeo-runtime:10.10:jar::compile
 |--  |--  |-- commons-logging:commons-logging:1.2:jar::compile
 |--  |--  |-- org.apache.logging.log4j:log4j-api:2.11.1:jar::compile
 |--  |-- org.nuxeo.ecm.platform:nuxeo-platform-commandline-executor:10.10:jar::compile
 |--  |--  |-- org.nuxeo.common:nuxeo-common:10.10:jar::compile
 |--  |--  |-- org.nuxeo.runtime:nuxeo-runtime:10.10:jar::compile
 |--  |--  |-- org.nuxeo.runtime:nuxeo-launcher-commons:10.10:jar::compile
 |--  |--  |-- org.apache.commons:commons-lang3:3.8:jar::compile
 |--  |--  |-- commons-logging:commons-logging:1.2:jar::compile
 |--  |--  |-- org.apache.logging.log4j:log4j-api:2.11.1:jar::compile
 |--  |-- org.nuxeo.ecm.platform:nuxeo-platform-directory-api:10.10:jar::compile
 |--  |--  |-- org.nuxeo.ecm.core:nuxeo-core-api:10.10:jar::compile
 |--  |--  |-- org.nuxeo.runtime:nuxeo-runtime-metrics:10.10:jar::compile
 |--  |--  |-- org.nuxeo.ecm.platform:nuxeo-platform-query-api:10.10:jar::compile
 |--  |--  |-- org.nuxeo.common:nuxeo-common:10.10:jar::compile
 |--  |--  |-- org.nuxeo.runtime:nuxeo-runtime:10.10:jar::compile
 |--  |--  |-- commons-logging:commons-logging:1.2:jar::compile
 |--  |--  |-- org.apache.logging.log4j:log4j-api:2.11.1:jar::compile
 |--  |-- org.nuxeo.ecm.platform:nuxeo-platform-directory-core:10.10:jar::compile
 |--  |--  |-- org.nuxeo.ecm.platform:nuxeo-platform-directory-api:10.10:jar::compile
 |--  |--  |-- org.nuxeo.runtime:nuxeo-runtime-reload:10.10:jar::compile
 |--  |--  |-- org.nuxeo.ecm.core:nuxeo-core-api:10.10:jar::compile
 |--  |--  |-- org.nuxeo.ecm.core:nuxeo-core-schema:10.10:jar::compile
 |--  |--  |-- org.nuxeo.ecm.core:nuxeo-core-query:10.10:jar::compile
 |--  |--  |-- org.nuxeo.ecm.core:nuxeo-core-storage:10.10:jar::compile
 |--  |--  |-- org.nuxeo.ecm.core:nuxeo-core-io:10.10:jar::compile
 |--  |--  |-- io.dropwizard.metrics:metrics-core:4.0.3:jar::compile
 |--  |--  |-- com.google.guava:guava:26.0-jre:jar::compile
 |--  |--  |-- org.apache.commons:commons-lang3:3.8:jar::compile
 |--  |--  |-- com.fasterxml.jackson.core:jackson-core:2.9.8:jar::compile
 |--  |--  |-- com.fasterxml.jackson.core:jackson-databind:2.9.8:jar::compile
 |--  |--  |-- org.apache.commons:commons-csv:1.5:jar::compile
 |--  |--  |-- org.nuxeo.common:nuxeo-common:10.10:jar::compile
 |--  |--  |-- org.nuxeo.runtime:nuxeo-runtime:10.10:jar::compile
 |--  |--  |-- org.nuxeo.runtime:nuxeo-runtime-jtajca:10.10:jar::compile
 |--  |--  |-- org.nuxeo.runtime:nuxeo-runtime-metrics:10.10:jar::compile
 |--  |--  |-- commons-logging:commons-logging:1.2:jar::compile
 |--  |--  |-- org.apache.logging.log4j:log4j-api:2.11.1:jar::compile
 |--  |-- org.nuxeo.ecm.platform:nuxeo-platform-directory-types-contrib:10.10:jar::runtime
 |--  |--  |-- org.nuxeo.ecm.core:nuxeo-core-api:10.10:jar::compile
 |--  |--  |-- org.nuxeo.common:nuxeo-common:10.10:jar::compile
 |--  |--  |-- org.nuxeo.runtime:nuxeo-runtime:10.10:jar::compile
 |--  |--  |-- commons-logging:commons-logging:1.2:jar::compile
 |--  |--  |-- org.apache.logging.log4j:log4j-api:2.11.1:jar::compile
 |--  |-- org.nuxeo.ecm.platform:nuxeo-platform-dublincore:10.10:jar::compile
 |--  |--  |-- org.nuxeo.ecm.core:nuxeo-core:10.10:jar::compile
 |--  |--  |-- org.nuxeo.ecm.core:nuxeo-core-api:10.10:jar::compile
 |--  |--  |-- org.nuxeo.ecm.core:nuxeo-core-event:10.10:jar::compile
 |--  |--  |-- org.nuxeo.ecm.core:nuxeo-core-schema:10.10:jar::compile
 |--  |--  |-- org.nuxeo.runtime:nuxeo-runtime:10.10:jar::compile
 |--  |--  |-- org.nuxeo.common:nuxeo-common:10.10:jar::compile
 |--  |--  |-- commons-logging:commons-logging:1.2:jar::compile
 |--  |--  |-- org.apache.logging.log4j:log4j-api:2.11.1:jar::compile
 |--  |-- org.nuxeo.ecm.platform:nuxeo-platform-filemanager-api:10.10:jar::compile
 |--  |--  |-- org.nuxeo.ecm.core:nuxeo-core-api:10.10:jar::compile
 |--  |--  |-- org.nuxeo.common:nuxeo-common:10.10:jar::compile
 |--  |--  |-- org.nuxeo.runtime:nuxeo-runtime:10.10:jar::compile
 |--  |--  |-- commons-logging:commons-logging:1.2:jar::compile
 |--  |--  |-- org.apache.logging.log4j:log4j-api:2.11.1:jar::compile
 |--  |-- org.nuxeo.ecm.platform:nuxeo-platform-login:10.10:jar::compile
 |--  |--  |-- org.nuxeo.ecm.core:nuxeo-core-api:10.10:jar::compile
 |--  |--  |-- org.nuxeo.ecm.platform:nuxeo-platform-usermanager-api:10.10:jar::compile
 |--  |--  |-- org.nuxeo.common:nuxeo-common:10.10:jar::compile
 |--  |--  |-- org.nuxeo.ecm.platform:nuxeo-platform-directory-api:10.10:jar::compile
 |--  |--  |-- org.nuxeo.ecm.core:nuxeo-core-schema:10.10:jar::compile (scope managed from runtime)
 |--  |--  |-- org.nuxeo.ecm.platform:nuxeo-platform-directory-types-contrib:10.10:jar::runtime
 |--  |--  |-- org.nuxeo.runtime:nuxeo-runtime:10.10:jar::compile
 |--  |--  |-- commons-logging:commons-logging:1.2:jar::compile
 |--  |--  |-- org.apache.logging.log4j:log4j-api:2.11.1:jar::compile
 |--  |-- org.nuxeo.ecm.platform:nuxeo-platform-web-common:10.10:jar::compile
 |--  |--  |-- javax.servlet.jsp:jsp-api:2.2:jar::compile
 |--  |--  |-- org.apache.httpcomponents:httpclient:4.5.6:jar::compile
 |--  |--  |--  |-- commons-logging:commons-logging:1.2:jar::compile
 |--  |--  |-- com.thetransactioncompany:cors-filter:2.6:jar::compile
 |--  |--  |--  |-- com.thetransactioncompany:java-property-utils:1.9.1:jar::compile
 |--  |--  |-- org.nuxeo.common:nuxeo-common:10.10:jar::compile
 |--  |--  |-- org.nuxeo.ecm.platform:nuxeo-platform-usermanager-api:10.10:jar::compile
 |--  |--  |-- org.nuxeo.ecm.core:nuxeo-core-management:10.10:jar::compile
 |--  |--  |-- org.nuxeo.ecm.platform:nuxeo-platform-login:10.10:jar::compile
 |--  |--  |-- org.nuxeo.ecm.core:nuxeo-core-event:10.10:jar::compile
 |--  |--  |-- org.nuxeo.ecm.core:nuxeo-core-api:10.10:jar::compile
 |--  |--  |-- org.nuxeo.ecm.core:nuxeo-core-io:10.10:jar::compile
 |--  |--  |-- org.nuxeo.runtime:nuxeo-runtime:10.10:jar::compile
 |--  |--  |-- org.nuxeo.runtime:nuxeo-runtime-management:10.10:jar::compile
 |--  |--  |-- org.nuxeo.runtime:nuxeo-runtime-jtajca:10.10:jar::compile
 |--  |--  |-- org.nuxeo.ecm.platform:nuxeo-platform-directory-api:10.10:jar::compile
 |--  |--  |-- org.nuxeo.ecm.platform:nuxeo-platform-url-api:10.10:jar::compile
 |--  |--  |-- org.dom4j:dom4j:2.1.1:jar::compile
 |--  |--  |-- org.apache.commons:commons-lang3:3.8:jar::compile
 |--  |--  |-- javax.transaction:jta:1.1:jar::compile
 |--  |--  |-- io.dropwizard.metrics:metrics-core:4.0.3:jar::compile
 |--  |--  |-- org.nuxeo.runtime:nuxeo-runtime-metrics:10.10:jar::compile
 |--  |--  |-- com.sun.jersey:jersey-core:1.19.4:jar::compile
 |--  |--  |-- com.google.guava:guava:26.0-jre:jar::compile
 |--  |--  |-- commons-logging:commons-logging:1.2:jar::compile
 |--  |--  |-- org.apache.logging.log4j:log4j-api:2.11.1:jar::compile
 |--  |-- org.nuxeo.ecm.platform:nuxeo-platform-relations-api:10.10:jar::compile
 |--  |--  |-- org.nuxeo.ecm.core:nuxeo-core-api:10.10:jar::compile
 |--  |--  |-- org.nuxeo.common:nuxeo-common:10.10:jar::compile
 |--  |--  |-- org.nuxeo.runtime:nuxeo-runtime:10.10:jar::compile
 |--  |--  |-- commons-logging:commons-logging:1.2:jar::compile
 |--  |--  |-- org.apache.logging.log4j:log4j-api:2.11.1:jar::compile
 |--  |-- org.nuxeo.ecm.platform:nuxeo-platform-usermanager-api:10.10:jar::compile
 |--  |--  |-- commons-collections:commons-collections:3.2.2:jar::compile
 |--  |--  |-- org.apache.commons:commons-lang3:3.8:jar::compile
 |--  |--  |-- org.nuxeo.ecm.core:nuxeo-core-api:10.10:jar::compile
 |--  |--  |-- org.nuxeo.ecm.platform:nuxeo-platform-query-api:10.10:jar::compile
 |--  |--  |-- org.nuxeo.ecm.platform:nuxeo-platform-directory-api:10.10:jar::compile
 |--  |--  |-- org.nuxeo.common:nuxeo-common:10.10:jar::compile
 |--  |--  |-- org.nuxeo.runtime:nuxeo-runtime:10.10:jar::compile
 |--  |--  |-- commons-logging:commons-logging:1.2:jar::compile
 |--  |--  |-- org.apache.logging.log4j:log4j-api:2.11.1:jar::compile
 |--  |-- org.nuxeo.ecm.platform:nuxeo-platform-usermanager-core:10.10:jar::compile
 |--  |--  |-- org.nuxeo.ecm.platform:nuxeo-platform-usermanager-api:10.10:jar::compile
 |--  |--  |-- org.nuxeo.ecm.core:nuxeo-core-api:10.10:jar::compile
 |--  |--  |-- org.nuxeo.ecm.core:nuxeo-core-io:10.10:jar::compile
 |--  |--  |-- org.nuxeo.ecm.platform:nuxeo-platform-directory-api:10.10:jar::compile
 |--  |--  |-- org.nuxeo.ecm.platform:nuxeo-platform-directory-core:10.10:jar::compile
 |--  |--  |-- org.apache.commons:commons-csv:1.5:jar::compile
 |--  |--  |-- commons-codec:commons-codec:1.11:jar::compile
 |--  |--  |-- org.apache.commons:commons-lang3:3.8:jar::compile
 |--  |--  |-- com.fasterxml.jackson.core:jackson-core:2.9.8:jar::compile
 |--  |--  |-- com.fasterxml.jackson.core:jackson-databind:2.9.8:jar::compile
 |--  |--  |-- org.nuxeo.common:nuxeo-common:10.10:jar::compile
 |--  |--  |-- org.nuxeo.runtime:nuxeo-runtime:10.10:jar::compile
 |--  |--  |-- commons-logging:commons-logging:1.2:jar::compile
 |--  |--  |-- org.apache.logging.log4j:log4j-api:2.11.1:jar::compile
 |--  |-- org.nuxeo.ecm.platform:nuxeo-platform-versioning-api:10.10:jar::compile
 |--  |--  |-- org.nuxeo.ecm.core:nuxeo-core-api:10.10:jar::compile
 |--  |--  |-- org.nuxeo.common:nuxeo-common:10.10:jar::compile
 |--  |--  |-- org.nuxeo.runtime:nuxeo-runtime:10.10:jar::compile
 |--  |--  |-- commons-logging:commons-logging:1.2:jar::compile
 |--  |--  |-- org.apache.logging.log4j:log4j-api:2.11.1:jar::compile
 |--  |-- org.nuxeo.ecm.webengine:nuxeo-webengine-core:10.10:jar::compile
 |--  |--  |-- com.sun.jersey:jersey-server:1.19.4:jar::compile
 |--  |--  |--  |-- com.sun.jersey:jersey-core:1.19.4:jar::compile
 |--  |--  |-- com.sun.jersey:jersey-servlet:1.19.4:jar::compile
 |--  |--  |--  |-- com.sun.jersey:jersey-server:1.19.4:jar::compile
 |--  |--  |-- org.codehaus.groovy:groovy-all:2.4.12:jar::compile
 |--  |--  |--  |-- commons-logging:commons-logging:1.2:jar::compile
 |--  |--  |--  |-- junit:junit:4.12:jar::test (scope managed from compile)
 |--  |--  |-- org.nuxeo.build:nuxeo-apt-extensions:1.0:jar::compile
 |--  |--  |-- org.nuxeo.build:nuxeo-webengine-apt:1.2:jar::compile
 |--  |--  |--  |-- org.nuxeo.build:nuxeo-apt-extensions:1.0:jar::compile
 |--  |--  |-- com.sun.jersey:jersey-core:1.19.4:jar::compile
 |--  |--  |-- commons-fileupload:commons-fileupload:1.3.3:jar::compile
 |--  |--  |-- org.osgi:org.osgi.core:4.2.0:jar::compile
 |--  |--  |-- org.nuxeo.runtime:nuxeo-runtime:10.10:jar::compile
 |--  |--  |-- org.nuxeo.runtime:nuxeo-runtime-osgi:10.10:jar::compile
 |--  |--  |-- org.nuxeo.ecm.webengine:nuxeo-webengine-jaxrs:10.10:jar::compile
 |--  |--  |-- org.nuxeo.ecm.platform:nuxeo-platform-web-common:10.10:jar::compile
 |--  |--  |-- org.nuxeo.ecm.platform:nuxeo-platform-rendering:10.10:jar::compile
 |--  |--  |-- org.freemarker:freemarker:2.3.28:jar::compile
 |--  |--  |-- org.nuxeo.ecm.core:nuxeo-core-api:10.10:jar::compile
 |--  |--  |-- org.nuxeo.ecm.platform:nuxeo-platform-versioning-api:10.10:jar::compile
 |--  |--  |-- org.nuxeo.ecm.platform:nuxeo-platform-usermanager-api:10.10:jar::compile
 |--  |--  |-- org.nuxeo.common:nuxeo-common:10.10:jar::compile
 |--  |--  |-- commons-logging:commons-logging:1.2:jar::compile
 |--  |--  |-- org.apache.logging.log4j:log4j-api:2.11.1:jar::compile
 |--  |-- org.nuxeo.ecm.webengine:nuxeo-webengine-base:10.10:jar::compile
 |--  |--  |-- com.sun.jersey:jersey-core:1.19.4:jar::compile
 |--  |--  |-- org.nuxeo.ecm.webengine:nuxeo-webengine-core:10.10:jar::compile
 |--  |--  |-- org.nuxeo.ecm.core:nuxeo-core-api:10.10:jar::compile
 |--  |--  |-- org.nuxeo.ecm.core:nuxeo-core-storage:10.10:jar::compile
 |--  |--  |-- org.nuxeo.ecm.platform:nuxeo-platform-audit-api:10.10:jar::compile
 |--  |--  |-- org.nuxeo.ecm.platform:nuxeo-platform-comment-api:10.10:jar::compile
 |--  |--  |-- org.nuxeo.ecm.platform:nuxeo-platform-usermanager-api:10.10:jar::compile
 |--  |--  |-- commons-fileupload:commons-fileupload:1.3.3:jar::compile
 |--  |--  |-- org.nuxeo.build:nuxeo-apt-extensions:1.0:jar::compile
 |--  |--  |-- org.nuxeo.build:nuxeo-webengine-apt:1.2:jar::compile
 |--  |--  |-- org.nuxeo.common:nuxeo-common:10.10:jar::compile
 |--  |--  |-- org.nuxeo.runtime:nuxeo-runtime:10.10:jar::compile
 |--  |--  |-- commons-logging:commons-logging:1.2:jar::compile
 |--  |--  |-- org.apache.logging.log4j:log4j-api:2.11.1:jar::compile
 |--  |-- org.nuxeo.ecm.webengine:nuxeo-webengine-jaxrs:10.10:jar::compile
 |--  |--  |-- org.ow2.asm:asm:6.2.1:jar::compile
 |--  |--  |-- org.osgi:org.osgi.compendium:4.2.0:jar::compile
 |--  |--  |-- com.sun.jersey:jersey-server:1.19.4:jar::compile
 |--  |--  |-- com.sun.jersey:jersey-servlet:1.19.4:jar::compile
 |--  |--  |-- com.sun.jersey:jersey-core:1.19.4:jar::compile
 |--  |--  |-- com.fasterxml.jackson.core:jackson-core:2.9.8:jar::compile
 |--  |--  |-- com.fasterxml.jackson.core:jackson-databind:2.9.8:jar::compile
 |--  |--  |-- org.osgi:org.osgi.core:4.2.0:jar::compile
 |--  |--  |-- org.nuxeo.runtime:nuxeo-runtime-jtajca:10.10:jar::compile
 |--  |--  |-- org.nuxeo.ecm.core:nuxeo-core-api:10.10:jar::compile
 |--  |--  |-- org.nuxeo.ecm.core:nuxeo-core-io:10.10:jar::compile
 |--  |--  |-- org.nuxeo.ecm.platform:nuxeo-platform-rendering:10.10:jar::compile
 |--  |--  |-- org.freemarker:freemarker:2.3.28:jar::compile
 |--  |--  |-- org.nuxeo.ecm.platform:nuxeo-platform-web-common:10.10:jar::compile
 |--  |--  |-- org.nuxeo.build:nuxeo-apt-extensions:1.0:jar::compile
 |--  |--  |-- org.nuxeo.build:nuxeo-webengine-apt:1.2:jar::compile
 |--  |--  |-- org.nuxeo.common:nuxeo-common:10.10:jar::compile
 |--  |--  |-- org.nuxeo.runtime:nuxeo-runtime:10.10:jar::compile
 |--  |--  |-- commons-logging:commons-logging:1.2:jar::compile
 |--  |--  |-- org.apache.logging.log4j:log4j-api:2.11.1:jar::compile
 |--  |-- org.nuxeo.ecm.platform:nuxeo-platform-rendering:10.10:jar::compile
 |--  |--  |-- org.wikimodel:wem:2.0.2:jar::compile
 |--  |--  |--  |-- net.java.dev.javacc:javacc:4.0:jar::compile
 |--  |--  |-- org.nuxeo.ecm.core:nuxeo-core-api:10.10:jar::compile
 |--  |--  |-- org.nuxeo.ecm.core:nuxeo-core-schema:10.10:jar::compile
 |--  |--  |-- org.freemarker:freemarker:2.3.28:jar::compile
 |--  |--  |-- org.nuxeo.common:nuxeo-common:10.10:jar::compile
 |--  |--  |-- org.nuxeo.runtime:nuxeo-runtime:10.10:jar::compile
 |--  |--  |-- commons-logging:commons-logging:1.2:jar::compile
 |--  |--  |-- org.apache.logging.log4j:log4j-api:2.11.1:jar::compile
 |--  |-- org.nuxeo.ecm.platform:nuxeo-preview-core:10.10:jar::compile
 |--  |--  |-- org.nuxeo.ecm.platform:nuxeo-platform-search-api:10.10:jar::compile
 |--  |--  |--  |-- org.nuxeo.ecm.core:nuxeo-core-api:10.10:jar::compile
 |--  |--  |--  |-- org.nuxeo.ecm.core:nuxeo-core:10.10:jar::compile
 |--  |--  |--  |-- org.nuxeo.ecm.core:nuxeo-core-query:10.10:jar::compile
 |--  |--  |--  |-- org.nuxeo.ecm.core:nuxeo-core-schema:10.10:jar::compile
 |--  |--  |--  |-- org.nuxeo.common:nuxeo-common:10.10:jar::compile
 |--  |--  |--  |-- org.nuxeo.runtime:nuxeo-runtime:10.10:jar::compile
 |--  |--  |--  |-- commons-logging:commons-logging:1.2:jar::compile
 |--  |--  |--  |-- org.apache.logging.log4j:log4j-api:2.11.1:jar::compile
 |--  |--  |-- org.restlet.jse:org.restlet:2.4.1:jar::compile
 |--  |--  |-- org.nuxeo.ecm.core:nuxeo-core-api:10.10:jar::compile
 |--  |--  |-- org.nuxeo.ecm.core:nuxeo-core-convert:10.10:jar::compile
 |--  |--  |-- org.nuxeo.ecm.platform:nuxeo-platform-web-common:10.10:jar::compile
 |--  |--  |-- org.nuxeo.ecm.platform:nuxeo-platform-convert:10.10:jar::compile
 |--  |--  |-- org.nuxeo.ecm.core:nuxeo-core-convert-api:10.10:jar::compile
 |--  |--  |-- org.nuxeo.ecm.core:nuxeo-core-mimetype:10.10:jar::compile
 |--  |--  |-- org.nuxeo.ecm.platform:nuxeo-platform-url-api:10.10:jar::compile
 |--  |--  |-- org.nuxeo.ecm.platform:nuxeo-platform-htmlsanitizer:10.10:jar::compile
 |--  |--  |-- org.dom4j:dom4j:2.1.1:jar::compile
 |--  |--  |-- com.ibm.icu:icu4j:62.1:jar::compile
 |--  |--  |-- org.nuxeo.common:nuxeo-common:10.10:jar::compile
 |--  |--  |-- org.nuxeo.runtime:nuxeo-runtime:10.10:jar::compile
 |--  |--  |-- commons-logging:commons-logging:1.2:jar::compile
 |--  |--  |-- org.apache.logging.log4j:log4j-api:2.11.1:jar::compile
 |--  |-- org.nuxeo.ecm.automation:nuxeo-automation-core:10.10:jar::compile
 |--  |--  |-- org.nuxeo.ecm.platform:nuxeo-platform-actions-core:10.10:jar::compile
 |--  |--  |--  |-- org.nuxeo.runtime:nuxeo-runtime-metrics:10.10:jar::compile
 |--  |--  |--  |-- org.nuxeo.ecm.core:nuxeo-core-api:10.10:jar::compile
 |--  |--  |--  |-- org.nuxeo.ecm.core:nuxeo-core-el:10.10:jar::compile
 |--  |--  |--  |-- org.nuxeo.common:nuxeo-common:10.10:jar::compile
 |--  |--  |--  |-- org.nuxeo.runtime:nuxeo-runtime:10.10:jar::compile
 |--  |--  |--  |-- commons-logging:commons-logging:1.2:jar::compile
 |--  |--  |--  |-- org.apache.logging.log4j:log4j-api:2.11.1:jar::compile
 |--  |--  |-- org.mvel:mvel2:2.4.2.Final:jar::compile
 |--  |--  |-- org.nuxeo.ecm.core:nuxeo-core-event:10.10:jar::compile
 |--  |--  |-- org.nuxeo.ecm.platform:nuxeo-platform-rendering:10.10:jar::compile
 |--  |--  |-- org.nuxeo.ecm.platform:nuxeo-platform-convert:10.10:jar::compile
 |--  |--  |-- org.nuxeo.ecm.platform:nuxeo-platform-query-api:10.10:jar::compile
 |--  |--  |-- org.nuxeo.ecm.platform:nuxeo-platform-usermanager-api:10.10:jar::compile
 |--  |--  |-- org.nuxeo.ecm.core:nuxeo-core-api:10.10:jar::compile
 |--  |--  |-- org.nuxeo.ecm.core:nuxeo-core:10.10:jar::compile
 |--  |--  |-- org.nuxeo.ecm.core:nuxeo-core-convert-api:10.10:jar::compile
 |--  |--  |-- org.nuxeo.ecm.core:nuxeo-core-schema:10.10:jar::compile
 |--  |--  |-- javax.mail:mail:1.4.5:jar::compile
 |--  |--  |-- org.freemarker:freemarker:2.3.28:jar::compile
 |--  |--  |-- org.nuxeo.ecm.platform:nuxeo-platform-forms-layout-api:10.10:jar::compile
 |--  |--  |-- org.nuxeo.ecm.platform:nuxeo-platform-forms-layout-core:10.10:jar::compile
 |--  |--  |-- org.nuxeo.runtime:nuxeo-runtime:10.10:jar::compile
 |--  |--  |-- org.nuxeo.common:nuxeo-common:10.10:jar::compile
 |--  |--  |-- org.nuxeo.ecm.webengine:nuxeo-webengine-core:10.10:jar::compile
 |--  |--  |-- org.osgi:org.osgi.core:4.2.0:jar::compile
 |--  |--  |-- org.codehaus.groovy:groovy-all:2.4.12:jar::compile
 |--  |--  |-- javax.transaction:jta:1.1:jar::compile
 |--  |--  |-- com.google.guava:guava:26.0-jre:jar::compile
 |--  |--  |-- com.fasterxml.jackson.core:jackson-core:2.9.8:jar::compile
 |--  |--  |-- com.fasterxml.jackson.core:jackson-databind:2.9.8:jar::compile
 |--  |--  |-- org.apache.commons:commons-lang3:3.8:jar::compile
 |--  |--  |-- org.apache.pdfbox:pdfbox:1.8.16:jar::compile
 |--  |--  |-- commons-logging:commons-logging:1.2:jar::compile
 |--  |--  |-- org.apache.logging.log4j:log4j-api:2.11.1:jar::compile
 |--  |-- org.nuxeo.ecm.automation:nuxeo-automation-server:10.10:jar::compile
 |--  |--  |-- com.sun.activation:javax.activation:1.2.0:jar::compile
 |--  |--  |-- org.nuxeo.ecm.automation:nuxeo-automation-core:10.10:jar::compile
 |--  |--  |-- org.nuxeo.ecm.automation:nuxeo-automation-io:10.10:jar::compile
 |--  |--  |-- com.sun.jersey:jersey-core:1.19.4:jar::compile
 |--  |--  |-- org.nuxeo.ecm.webengine:nuxeo-webengine-jaxrs:10.10:jar::compile
 |--  |--  |-- org.nuxeo.ecm.webengine:nuxeo-webengine-core:10.10:jar::compile
 |--  |--  |-- org.nuxeo.ecm.core:nuxeo-core-api:10.10:jar::compile
 |--  |--  |-- org.nuxeo.ecm.core:nuxeo-core-schema:10.10:jar::compile
 |--  |--  |-- org.nuxeo.runtime:nuxeo-runtime:10.10:jar::compile
 |--  |--  |-- org.nuxeo.runtime:nuxeo-runtime-jtajca:10.10:jar::compile
 |--  |--  |-- org.nuxeo.common:nuxeo-common:10.10:jar::compile
 |--  |--  |-- com.fasterxml.jackson.core:jackson-core:2.9.8:jar::compile
 |--  |--  |-- com.fasterxml.jackson.core:jackson-databind:2.9.8:jar::compile
 |--  |--  |-- org.apache.commons:commons-lang3:3.8:jar::compile
 |--  |--  |-- javax.mail:mail:1.4.5:jar::compile
 |--  |--  |-- commons-io:commons-io:2.6:jar::compile
 |--  |--  |-- org.nuxeo.ecm.core:nuxeo-core:10.10:jar::compile
 |--  |--  |-- org.nuxeo.ecm.platform:nuxeo-platform-types-api:10.10:jar::compile
 |--  |--  |-- org.nuxeo.ecm.platform:nuxeo-platform-url-api:10.10:jar::compile
 |--  |--  |-- org.nuxeo.ecm.platform:nuxeo-platform-web-common:10.10:jar::compile
 |--  |--  |-- org.nuxeo.ecm.webengine:nuxeo-webengine-base:10.10:jar::compile
 |--  |--  |-- commons-logging:commons-logging:1.2:jar::compile
 |--  |--  |-- org.apache.logging.log4j:log4j-api:2.11.1:jar::compile
 |--  |-- org.nuxeo.ecm.automation:nuxeo-automation-io:10.10:jar::compile
 |--  |--  |-- org.yaml:snakeyaml:1.21:jar::compile
 |--  |--  |-- org.nuxeo.ecm.automation:nuxeo-automation-core:10.10:jar::compile
 |--  |--  |-- com.sun.jersey:jersey-core:1.19.4:jar::compile
 |--  |--  |-- org.nuxeo.ecm.platform:nuxeo-platform-tag-api:10.10:jar::compile
 |--  |--  |-- org.nuxeo.ecm.webengine:nuxeo-webengine-jaxrs:10.10:jar::compile
 |--  |--  |-- org.nuxeo.ecm.webengine:nuxeo-webengine-core:10.10:jar::compile
 |--  |--  |-- org.nuxeo.ecm.core:nuxeo-core-api:10.10:jar::compile
 |--  |--  |-- org.nuxeo.ecm.core:nuxeo-core-schema:10.10:jar::compile
 |--  |--  |-- org.nuxeo.ecm.core:nuxeo-core-bulk:10.10:jar::compile
 |--  |--  |-- org.nuxeo.runtime:nuxeo-runtime:10.10:jar::compile
 |--  |--  |-- org.nuxeo.common:nuxeo-common:10.10:jar::compile
 |--  |--  |-- com.fasterxml.jackson.core:jackson-core:2.9.8:jar::compile
 |--  |--  |-- com.fasterxml.jackson.core:jackson-databind:2.9.8:jar::compile
 |--  |--  |-- org.apache.commons:commons-lang3:3.8:jar::compile
 |--  |--  |-- javax.mail:mail:1.4.5:jar::compile
 |--  |--  |-- commons-io:commons-io:2.6:jar::compile
 |--  |--  |-- com.sun.activation:javax.activation:1.2.0:jar::compile
 |--  |--  |-- org.nuxeo.ecm.core:nuxeo-core:10.10:jar::compile
 |--  |--  |-- org.nuxeo.ecm.platform:nuxeo-platform-types-api:10.10:jar::compile
 |--  |--  |-- org.nuxeo.ecm.platform:nuxeo-platform-url-api:10.10:jar::compile
 |--  |--  |-- org.nuxeo.ecm.platform:nuxeo-platform-web-common:10.10:jar::compile
 |--  |--  |-- org.nuxeo.ecm.platform:nuxeo-platform-actions-core:10.10:jar::compile
 |--  |--  |-- org.nuxeo.ecm.platform:nuxeo-platform-audit-api:10.10:jar::compile
 |--  |--  |-- org.nuxeo.ecm.platform:nuxeo-platform-forms-layout-api:10.10:jar::compile
 |--  |--  |-- org.nuxeo.ecm.platform:nuxeo-platform-forms-layout-export:10.10:jar::compile
 |--  |--  |-- org.nuxeo.ecm.platform:nuxeo-preview-core:10.10:jar::compile
 |--  |--  |-- org.nuxeo.ecm.platform:nuxeo-platform-usermanager-core:10.10:jar::compile
 |--  |--  |-- org.nuxeo.ecm.platform:nuxeo-invite:10.10:jar::compile
 |--  |--  |-- commons-logging:commons-logging:1.2:jar::compile
 |--  |--  |-- org.apache.logging.log4j:log4j-api:2.11.1:jar::compile
 |--  |-- org.nuxeo.ecm.automation:nuxeo-automation-scripting:10.10:jar::compile
 |--  |--  |-- org.nuxeo.ecm.automation:nuxeo-automation-features:10.10:jar::compile
 |--  |--  |--  |-- com.sun.jersey.contribs:jersey-multipart:1.19.4:jar::compile
 |--  |--  |--  |--  |-- org.jvnet.mimepull:mimepull:1.9.3:jar::compile
 |--  |--  |--  |--  |-- com.sun.jersey:jersey-core:1.19.4:jar::compile
 |--  |--  |--  |-- org.nuxeo.ecm.automation:nuxeo-automation-core:10.10:jar::compile
 |--  |--  |--  |-- org.nuxeo.ecm.core:nuxeo-core-api:10.10:jar::compile
 |--  |--  |--  |-- org.nuxeo.ecm.core:nuxeo-core-io:10.10:jar::compile
 |--  |--  |--  |-- org.nuxeo.ecm.core:nuxeo-core-el:10.10:jar::compile
 |--  |--  |--  |-- org.nuxeo.ecm.core:nuxeo-core-persistence:10.10:jar::compile
 |--  |--  |--  |-- org.nuxeo.ecm.platform:nuxeo-platform-relations-api:10.10:jar::compile
 |--  |--  |--  |-- org.nuxeo.ecm.platform:nuxeo-platform-actions-core:10.10:jar::compile
 |--  |--  |--  |-- org.nuxeo.ecm.platform:nuxeo-platform-filemanager-api:10.10:jar::compile
 |--  |--  |--  |-- org.nuxeo.ecm.platform:nuxeo-platform-userworkspace-api:10.10:jar::compile
 |--  |--  |--  |-- org.nuxeo.ecm.platform:nuxeo-platform-directory-api:10.10:jar::compile
 |--  |--  |--  |-- org.nuxeo.ecm.platform:nuxeo-platform-directory-core:10.10:jar::compile
 |--  |--  |--  |-- org.nuxeo.ecm.platform:nuxeo-platform-query-api:10.10:jar::compile
 |--  |--  |--  |-- org.nuxeo.ecm.platform:nuxeo-platform-audit-api:10.10:jar::compile
 |--  |--  |--  |-- org.nuxeo.ecm.platform:nuxeo-platform-audit-core:10.10:jar::compile
 |--  |--  |--  |-- org.nuxeo.ecm.platform:nuxeo-platform-collections-core:10.10:jar::compile
 |--  |--  |--  |-- org.nuxeo.ecm.platform:nuxeo-platform-usermanager-api:10.10:jar::compile
 |--  |--  |--  |-- javax.mail:mail:1.4.5:jar::compile
 |--  |--  |--  |-- org.freemarker:freemarker:2.3.28:jar::compile
 |--  |--  |--  |-- org.nuxeo.ecm.platform:nuxeo-platform-url-api:10.10:jar::compile
 |--  |--  |--  |-- org.nuxeo.ecm.platform:nuxeo-platform-web-common:10.10:jar::compile
 |--  |--  |--  |-- org.nuxeo.ecm.core:nuxeo-core-bulk:10.10:jar::compile
 |--  |--  |--  |-- org.nuxeo.runtime:nuxeo-runtime:10.10:jar::compile
 |--  |--  |--  |-- org.nuxeo.runtime:nuxeo-runtime-management:10.10:jar::compile
 |--  |--  |--  |-- org.nuxeo.common:nuxeo-common:10.10:jar::compile
 |--  |--  |--  |-- org.osgi:org.osgi.core:4.2.0:jar::compile
 |--  |--  |--  |-- javax.transaction:jta:1.1:jar::compile
 |--  |--  |--  |-- javax.persistence:persistence-api:1.0.2:jar::compile
 |--  |--  |--  |-- com.sun.jersey:jersey-client:1.19.4:jar::compile
 |--  |--  |--  |-- org.nuxeo.ecm.automation:nuxeo-automation-server:10.10:jar::compile
 |--  |--  |--  |-- org.nuxeo.ecm.core:nuxeo-core-query:10.10:jar::compile
 |--  |--  |--  |-- commons-logging:commons-logging:1.2:jar::compile
 |--  |--  |--  |-- org.apache.logging.log4j:log4j-api:2.11.1:jar::compile
 |--  |--  |-- org.nuxeo.common:nuxeo-common:10.10:jar::compile
 |--  |--  |-- org.nuxeo.runtime:nuxeo-runtime:10.10:jar::compile
 |--  |--  |-- org.nuxeo.ecm.core:nuxeo-core:10.10:jar::compile
 |--  |--  |-- org.nuxeo.ecm.automation:nuxeo-automation-core:10.10:jar::compile
 |--  |--  |-- org.nuxeo.ecm.core:nuxeo-core-api:10.10:jar::compile
 |--  |--  |-- org.nuxeo.ecm.core:nuxeo-core-query:10.10:jar::compile
 |--  |--  |-- org.nuxeo.ecm.core:nuxeo-core-schema:10.10:jar::compile
 |--  |--  |-- org.nuxeo.ecm.webengine:nuxeo-webengine-jaxrs:10.10:jar::compile
 |--  |--  |-- org.nuxeo.ecm.webengine:nuxeo-webengine-core:10.10:jar::compile
 |--  |--  |-- org.nuxeo.runtime:nuxeo-runtime-management:10.10:jar::compile
 |--  |--  |-- commons-io:commons-io:2.6:jar::compile
 |--  |--  |-- com.sun.jersey:jersey-core:1.19.4:jar::compile
 |--  |--  |-- org.nuxeo.ecm.platform:nuxeo-platform-web-common:10.10:jar::compile
 |--  |--  |-- commons-logging:commons-logging:1.2:jar::compile
 |--  |--  |-- org.apache.logging.log4j:log4j-api:2.11.1:jar::compile
 |--  |-- org.nuxeo.ecm.platform:nuxeo-invite:10.10:jar::compile
 |--  |--  |-- org.nuxeo.ecm.platform:nuxeo-platform-usermanager-api:10.10:jar::compile
 |--  |--  |-- org.nuxeo.ecm.platform:nuxeo-platform-usermanager-core:10.10:jar::compile
 |--  |--  |-- org.nuxeo.ecm.platform:nuxeo-platform-rendering:10.10:jar::compile
 |--  |--  |-- javax.mail:mail:1.4.5:jar::compile
 |--  |--  |-- org.nuxeo.common:nuxeo-common:10.10:jar::compile
 |--  |--  |-- org.nuxeo.runtime:nuxeo-runtime:10.10:jar::compile
 |--  |--  |-- commons-logging:commons-logging:1.2:jar::compile
 |--  |--  |-- org.apache.logging.log4j:log4j-api:2.11.1:jar::compile
 |--  |-- org.nuxeo.ecm.platform:nuxeo-platform-collections-core:10.10:jar::compile
 |--  |--  |-- org.nuxeo.common:nuxeo-common:10.10:jar::compile
 |--  |--  |-- org.nuxeo.runtime:nuxeo-runtime:10.10:jar::compile
 |--  |--  |-- org.nuxeo.ecm.core:nuxeo-core:10.10:jar::compile
 |--  |--  |-- org.nuxeo.ecm.core:nuxeo-core-api:10.10:jar::compile
 |--  |--  |-- org.nuxeo.ecm.core:nuxeo-core-query:10.10:jar::compile
 |--  |--  |-- org.nuxeo.ecm.core:nuxeo-core-schema:10.10:jar::compile
 |--  |--  |-- commons-io:commons-io:2.6:jar::compile
 |--  |--  |-- org.nuxeo.ecm.platform:nuxeo-platform-dublincore:10.10:jar::compile
 |--  |--  |-- org.nuxeo.ecm.platform:nuxeo-platform-query-api:10.10:jar::compile
 |--  |--  |-- commons-logging:commons-logging:1.2:jar::compile
 |--  |--  |-- org.apache.logging.log4j:log4j-api:2.11.1:jar::compile
 |--  |-- org.nuxeo.ecm.platform:nuxeo-platform-comment-api:10.10:jar::compile
 |--  |--  |-- org.nuxeo.ecm.core:nuxeo-core-api:10.10:jar::compile
 |--  |--  |-- org.nuxeo.common:nuxeo-common:10.10:jar::compile
 |--  |--  |-- org.nuxeo.runtime:nuxeo-runtime:10.10:jar::compile
 |--  |--  |-- commons-logging:commons-logging:1.2:jar::compile
 |--  |--  |-- org.apache.logging.log4j:log4j-api:2.11.1:jar::compile
 |--  |-- org.nuxeo.ecm.platform:nuxeo-platform-forms-layout-api:10.10:jar::compile
 |--  |--  |-- org.nuxeo.common:nuxeo-common:10.10:jar::compile
 |--  |--  |-- org.nuxeo.runtime:nuxeo-runtime:10.10:jar::compile
 |--  |--  |-- commons-logging:commons-logging:1.2:jar::compile
 |--  |--  |-- org.apache.logging.log4j:log4j-api:2.11.1:jar::compile
 |--  |-- org.nuxeo.ecm.platform:nuxeo-platform-forms-layout-core:10.10:jar::compile
 |--  |--  |-- org.nuxeo.ecm.platform:nuxeo-platform-forms-layout-api:10.10:jar::compile
 |--  |--  |-- org.apache.commons:commons-lang3:3.8:jar::compile
 |--  |--  |-- org.nuxeo.common:nuxeo-common:10.10:jar::compile
 |--  |--  |-- org.nuxeo.runtime:nuxeo-runtime:10.10:jar::compile
 |--  |--  |-- commons-logging:commons-logging:1.2:jar::compile
 |--  |--  |-- org.apache.logging.log4j:log4j-api:2.11.1:jar::compile
 |--  |-- org.nuxeo.ecm.platform:nuxeo-platform-forms-layout-export:10.10:jar::compile
 |--  |--  |-- org.nuxeo.ecm.platform:nuxeo-platform-forms-layout-api:10.10:jar::compile
 |--  |--  |-- org.nuxeo.ecm.platform:nuxeo-platform-types-api:10.10:jar::compile
 |--  |--  |-- org.nuxeo.ecm.webengine:nuxeo-webengine-core:10.10:jar::compile
 |--  |--  |-- com.sun.jersey:jersey-core:1.19.4:jar::compile
 |--  |--  |-- org.apache.commons:commons-lang3:3.8:jar::compile
 |--  |--  |-- org.nuxeo.common:nuxeo-common:10.10:jar::compile
 |--  |--  |-- org.nuxeo.runtime:nuxeo-runtime:10.10:jar::compile
 |--  |--  |-- commons-logging:commons-logging:1.2:jar::compile
 |--  |--  |-- org.apache.logging.log4j:log4j-api:2.11.1:jar::compile
 |--  |-- org.nuxeo.ecm.platform:nuxeo-platform-htmlsanitizer:10.10:jar::compile
 |--  |--  |-- com.googlecode.owasp-java-html-sanitizer:owasp-java-html-sanitizer:20190103.NX1:jar::compile
 |--  |--  |--  |-- com.google.guava:guava:26.0-jre:jar::compile
 |--  |--  |-- org.w3c.css:sac:1.3:jar::compile
 |--  |--  |-- org.nuxeo.ecm.core:nuxeo-core-schema:10.10:jar::compile
 |--  |--  |-- org.nuxeo.ecm.core:nuxeo-core-api:10.10:jar::compile
 |--  |--  |-- org.nuxeo.ecm.core:nuxeo-core-event:10.10:jar::compile
 |--  |--  |-- org.nuxeo.common:nuxeo-common:10.10:jar::compile
 |--  |--  |-- org.nuxeo.runtime:nuxeo-runtime:10.10:jar::compile
 |--  |--  |-- commons-logging:commons-logging:1.2:jar::compile
 |--  |--  |-- org.apache.logging.log4j:log4j-api:2.11.1:jar::compile
 |--  |-- org.nuxeo.ecm.platform:nuxeo-platform-oauth:10.10:jar::compile
 |--  |--  |-- com.google.http-client:google-http-client:1.19.0:jar::compile
 |--  |--  |-- com.google.http-client:google-http-client-jackson2:1.19.0:jar::compile
 |--  |--  |--  |-- com.google.http-client:google-http-client:1.19.0:jar::compile
 |--  |--  |-- com.google.oauth-client:google-oauth-client:1.20.0:jar::compile
 |--  |--  |-- org.nuxeo.ecm.webengine:nuxeo-webengine-core:10.10:jar::compile
 |--  |--  |-- com.sun.jersey:jersey-core:1.19.4:jar::compile
 |--  |--  |-- org.nuxeo.ecm.platform:nuxeo-platform-web-common:10.10:jar::compile
 |--  |--  |-- org.nuxeo.ecm.platform:nuxeo-platform-directory-api:10.10:jar::compile
 |--  |--  |-- org.nuxeo.ecm.platform:nuxeo-platform-usermanager-api:10.10:jar::compile
 |--  |--  |-- org.nuxeo.runtime:nuxeo-runtime:10.10:jar::compile
 |--  |--  |-- org.nuxeo.ecm.core:nuxeo-core-io:10.10:jar::compile
 |--  |--  |-- org.apache.commons:commons-lang3:3.8:jar::compile
 |--  |--  |-- com.fasterxml.jackson.core:jackson-core:2.9.8:jar::compile
 |--  |--  |-- com.fasterxml.jackson.core:jackson-databind:2.9.8:jar::compile
 |--  |--  |-- org.nuxeo.ecm.core:nuxeo-core-api:10.10:jar::compile
 |--  |--  |-- org.nuxeo.common:nuxeo-common:10.10:jar::compile
 |--  |--  |-- commons-logging:commons-logging:1.2:jar::compile
 |--  |--  |-- org.apache.logging.log4j:log4j-api:2.11.1:jar::compile
 |--  |-- org.nuxeo.ecm.platform:nuxeo-platform-tag-api:10.10:jar::compile
 |--  |--  |-- org.nuxeo.ecm.core:nuxeo-core-api:10.10:jar::compile
 |--  |--  |-- org.nuxeo.common:nuxeo-common:10.10:jar::compile
 |--  |--  |-- org.nuxeo.runtime:nuxeo-runtime:10.10:jar::compile
 |--  |--  |-- commons-logging:commons-logging:1.2:jar::compile
 |--  |--  |-- org.apache.logging.log4j:log4j-api:2.11.1:jar::compile
 |--  |-- org.nuxeo.ecm.platform:nuxeo-platform-url-api:10.10:jar::compile
 |--  |--  |-- org.nuxeo.ecm.core:nuxeo-core-api:10.10:jar::compile
 |--  |--  |-- org.nuxeo.ecm.core:nuxeo-core-io:10.10:jar::compile
 |--  |--  |-- org.nuxeo.ecm.platform:nuxeo-platform-types-api:10.10:jar::compile
 |--  |--  |-- org.nuxeo.common:nuxeo-common:10.10:jar::compile
 |--  |--  |-- org.nuxeo.runtime:nuxeo-runtime:10.10:jar::compile
 |--  |--  |-- commons-logging:commons-logging:1.2:jar::compile
 |--  |--  |-- org.apache.logging.log4j:log4j-api:2.11.1:jar::compile
 |--  |-- org.nuxeo.ecm.platform:nuxeo-platform-userworkspace-api:10.10:jar::compile
 |--  |--  |-- org.nuxeo.ecm.core:nuxeo-core-api:10.10:jar::compile
 |--  |--  |-- org.nuxeo.ecm.platform:nuxeo-platform-filemanager-api:10.10:jar::compile
 |--  |--  |-- org.nuxeo.ecm.automation:nuxeo-automation-core:10.10:jar::compile
 |--  |--  |-- org.nuxeo.common:nuxeo-common:10.10:jar::compile
 |--  |--  |-- org.nuxeo.runtime:nuxeo-runtime:10.10:jar::compile
 |--  |--  |-- commons-logging:commons-logging:1.2:jar::compile
 |--  |--  |-- org.apache.logging.log4j:log4j-api:2.11.1:jar::compile
 |--  |-- org.nuxeo.ecm.platform:nuxeo-user-profile:10.10:jar::compile
 |--  |--  |-- org.nuxeo.common:nuxeo-common:10.10:jar::compile
 |--  |--  |-- org.nuxeo.runtime:nuxeo-runtime:10.10:jar::compile
 |--  |--  |-- org.nuxeo.runtime:nuxeo-runtime-jtajca:10.10:jar::compile
 |--  |--  |-- org.nuxeo.ecm.core:nuxeo-core-api:10.10:jar::compile
 |--  |--  |-- org.nuxeo.ecm.core:nuxeo-core-convert-api:10.10:jar::compile
 |--  |--  |-- org.nuxeo.ecm.core:nuxeo-core-event:10.10:jar::compile
 |--  |--  |-- org.nuxeo.ecm.core:nuxeo-core-schema:10.10:jar::compile
 |--  |--  |-- org.nuxeo.ecm.platform:nuxeo-platform-userworkspace-api:10.10:jar::compile
 |--  |--  |-- org.nuxeo.ecm.platform:nuxeo-platform-usermanager-api:10.10:jar::compile
 |--  |--  |-- org.nuxeo.ecm.platform:nuxeo-platform-directory-api:10.10:jar::compile
 |--  |--  |-- org.nuxeo.ecm.platform:nuxeo-platform-web-common:10.10:jar::compile
 |--  |--  |-- org.nuxeo.ecm.platform:nuxeo-platform-commandline-executor:10.10:jar::compile
 |--  |--  |-- com.google.guava:guava:26.0-jre:jar::compile
 |--  |--  |-- org.apache.commons:commons-csv:1.5:jar::compile
 |--  |--  |-- commons-io:commons-io:2.6:jar::compile
 |--  |--  |-- org.apache.commons:commons-lang3:3.8:jar::compile
 |--  |--  |-- commons-logging:commons-logging:1.2:jar::compile
 |--  |--  |-- org.apache.logging.log4j:log4j-api:2.11.1:jar::compile
 |--  |-- commons-logging:commons-logging:1.2:jar::compile
 |--  |-- org.apache.logging.log4j:log4j-api:2.11.1:jar::compile
 |-- com.sncf.custom.openid.bundle:nuxeo-openid2-core:1.3-SNAPSHOT:jar::compile
 |--  |-- org.nuxeo.ecm.platform:nuxeo-platform-login-openid:10.10:jar::compile
 |--  |--  |-- org.nuxeo.ecm.platform:nuxeo-usermapper:10.10:jar::compile
 |--  |--  |--  |-- org.nuxeo.common:nuxeo-common:10.10:jar::compile
 |--  |--  |--  |-- org.nuxeo.runtime:nuxeo-runtime:10.10:jar::compile
 |--  |--  |--  |-- org.nuxeo.ecm.core:nuxeo-core:10.10:jar::compile
 |--  |--  |--  |-- org.nuxeo.ecm.core:nuxeo-core-api:10.10:jar::compile
 |--  |--  |--  |-- org.nuxeo.ecm.core:nuxeo-core-query:10.10:jar::compile
 |--  |--  |--  |-- org.nuxeo.ecm.core:nuxeo-core-schema:10.10:jar::compile
 |--  |--  |--  |-- org.nuxeo.ecm.webengine:nuxeo-webengine-jaxrs:10.10:jar::compile
 |--  |--  |--  |-- org.nuxeo.ecm.webengine:nuxeo-webengine-core:10.10:jar::compile
 |--  |--  |--  |-- org.nuxeo.ecm.platform:nuxeo-user-profile:10.10:jar::compile
 |--  |--  |--  |-- org.nuxeo.ecm.automation:nuxeo-automation-scripting:10.10:jar::compile
 |--  |--  |--  |-- commons-logging:commons-logging:1.2:jar::compile
 |--  |--  |--  |-- org.apache.logging.log4j:log4j-api:2.11.1:jar::compile
 |--  |--  |-- com.sun.faces:jsf-api:2.2.6:jar::compile
 |--  |--  |-- org.apache.commons:commons-text:1.4:jar::compile
 |--  |--  |-- org.nuxeo.ecm.platform:nuxeo-platform-oauth:10.10:jar::compile
 |--  |--  |-- org.nuxeo.ecm.platform:nuxeo-platform-web-common:10.10:jar::compile
 |--  |--  |-- org.nuxeo.ecm.platform:nuxeo-platform-login:10.10:jar::compile
 |--  |--  |-- org.nuxeo.ecm.platform:nuxeo-platform-usermanager-api:10.10:jar::compile
 |--  |--  |-- javax.servlet.jsp:jsp-api:2.2:jar::compile (scope managed from provided)
 |--  |--  |-- commons-logging:commons-logging:1.2:jar::compile (scope managed from provided)
 |--  |--  |-- org.nuxeo.ecm.platform:nuxeo-platform-directory-api:10.10:jar::compile
 |--  |--  |-- org.nuxeo.common:nuxeo-common:10.10:jar::compile
 |--  |--  |-- org.nuxeo.runtime:nuxeo-runtime:10.10:jar::compile
 |--  |--  |-- org.apache.logging.log4j:log4j-api:2.11.1:jar::compile
 |--  |-- commons-logging:commons-logging:1.2:jar::compile
 |--  |-- org.apache.logging.log4j:log4j-api:2.11.1:jar::compile
 |-- commons-logging:commons-logging:1.2:jar::compile
 |-- org.apache.logging.log4j:log4j-api:2.11.1:jar::compile
 |-- org.apache.logging.log4j:log4j-core:2.11.1:jar::test
 |--  |-- org.apache.logging.log4j:log4j-api:2.11.1:jar::compile
 |--  |-- org.apache.commons:commons-csv:1.5:jar::compile
 |--  |-- org.tukaani:xz:1.8:jar::compile (scope managed from test)
 |--  |-- org.slf4j:slf4j-api:1.7.25:jar::compile (scope managed from test)
 |--  |-- junit:junit:4.12:jar::test
 |--  |-- commons-logging:commons-logging:1.2:jar::compile (scope managed from test)
 |--  |-- commons-io:commons-io:2.6:jar::compile (scope managed from test)
 |--  |-- commons-codec:commons-codec:1.11:jar::compile (scope managed from test)
 |-- org.apache.logging.log4j:log4j-jcl:2.11.1:jar::test
 |--  |-- junit:junit:4.12:jar::test
 |--  |-- commons-logging:commons-logging:1.2:jar::compile
 |--  |-- org.apache.logging.log4j:log4j-api:2.11.1:jar::compile
 |--  |-- org.apache.logging.log4j:log4j-core:2.11.1:jar::test
 |-- org.apache.logging.log4j:log4j-slf4j-impl:2.11.1:jar::test
 |--  |-- org.slf4j:slf4j-api:1.7.25:jar::compile
 |--  |-- org.apache.logging.log4j:log4j-api:2.11.1:jar::compile
 |--  |-- org.apache.logging.log4j:log4j-core:2.11.1:jar::test (scope managed from runtime)
 |--  |-- org.apache.commons:commons-csv:1.5:jar::compile (scope managed from test)
 |--  |-- junit:junit:4.12:jar::test
 |-- org.apache.logging.log4j:log4j-1.2-api:2.11.1:jar::test
 |--  |-- junit:junit:4.12:jar::test
 |--  |-- org.apache.logging.log4j:log4j-api:2.11.1:jar::compile
 |--  |-- org.apache.logging.log4j:log4j-core:2.11.1:jar::test (scope managed from compile)
 |--  |-- commons-io:commons-io:2.6:jar::compile (scope managed from test)
 |-- junit:junit:4.12:jar::test
